  KW_scrollbox_internal.c
c:\users\ndt59\onedrive - university of suffolk\uos\units\networking\code\sdlgamenetworking\libraries\sdl2-2.0.9\include\begin_code.h(37): warning C4668: '__GNUC__' is not defined as a preprocessor macro, replacing with '0' for '#if/#elif'
c:\users\ndt59\onedrive - university of suffolk\uos\units\networking\code\sdlgamenetworking\libraries\sdl2-2.0.9\include\SDL_assert.h(68): warning C4668: '__GNUC__' is not defined as a preprocessor macro, replacing with '0' for '#if/#elif'
C:\Program Files (x86)\Microsoft Visual Studio\2017\Community\VC\Tools\MSVC\14.16.27023\include\smmintrin.h(82): warning C4668: '__cplusplus' is not defined as a preprocessor macro, replacing with '0' for '#if/#elif'
C:\Program Files (x86)\Microsoft Visual Studio\2017\Community\VC\Tools\MSVC\14.16.27023\include\nmmintrin.h(35): warning C4668: '__cplusplus' is not defined as a preprocessor macro, replacing with '0' for '#if/#elif'
C:\Program Files (x86)\Microsoft Visual Studio\2017\Community\VC\Tools\MSVC\14.16.27023\include\wmmintrin.h(34): warning C4668: '__cplusplus' is not defined as a preprocessor macro, replacing with '0' for '#if/#elif'
C:\Program Files (x86)\Microsoft Visual Studio\2017\Community\VC\Tools\MSVC\14.16.27023\include\ammintrin.h(251): warning C4255: '__slwpcb': no function prototype given: converting '()' to '(void)'
c:\users\ndt59\onedrive - university of suffolk\uos\units\networking\code\sdlgamenetworking\libraries\sdl2-2.0.9\include\SDL_keyboard.h(52): warning C4820: 'SDL_Keysym': '2' bytes padding added after data member 'mod'
c:\users\ndt59\onedrive - university of suffolk\uos\units\networking\code\sdlgamenetworking\libraries\sdl2-2.0.9\include\SDL_haptic.h(453): warning C4820: 'SDL_HapticDirection': '3' bytes padding added after data member 'type'
c:\users\ndt59\onedrive - university of suffolk\uos\units\networking\code\sdlgamenetworking\libraries\sdl2-2.0.9\include\SDL_haptic.h(472): warning C4820: 'SDL_HapticConstant': '2' bytes padding added after data member 'type'
c:\users\ndt59\onedrive - university of suffolk\uos\units\networking\code\sdlgamenetworking\libraries\sdl2-2.0.9\include\SDL_haptic.h(555): warning C4820: 'SDL_HapticPeriodic': '2' bytes padding added after data member 'type'
c:\users\ndt59\onedrive - university of suffolk\uos\units\networking\code\sdlgamenetworking\libraries\sdl2-2.0.9\include\SDL_haptic.h(576): warning C4820: 'SDL_HapticPeriodic': '2' bytes padding added after data member 'fade_level'
c:\users\ndt59\onedrive - university of suffolk\uos\units\networking\code\sdlgamenetworking\libraries\sdl2-2.0.9\include\SDL_haptic.h(607): warning C4820: 'SDL_HapticCondition': '2' bytes padding added after data member 'type'
c:\users\ndt59\onedrive - university of suffolk\uos\units\networking\code\sdlgamenetworking\libraries\sdl2-2.0.9\include\SDL_haptic.h(624): warning C4820: 'SDL_HapticCondition': '2' bytes padding added after data member 'center'
c:\users\ndt59\onedrive - university of suffolk\uos\units\networking\code\sdlgamenetworking\libraries\sdl2-2.0.9\include\SDL_haptic.h(643): warning C4820: 'SDL_HapticRamp': '2' bytes padding added after data member 'type'
c:\users\ndt59\onedrive - university of suffolk\uos\units\networking\code\sdlgamenetworking\libraries\sdl2-2.0.9\include\SDL_haptic.h(662): warning C4820: 'SDL_HapticRamp': '2' bytes padding added after data member 'fade_level'
c:\users\ndt59\onedrive - university of suffolk\uos\units\networking\code\sdlgamenetworking\libraries\sdl2-2.0.9\include\SDL_haptic.h(682): warning C4820: 'SDL_HapticLeftRight': '2' bytes padding added after data member 'type'
c:\users\ndt59\onedrive - university of suffolk\uos\units\networking\code\sdlgamenetworking\libraries\sdl2-2.0.9\include\SDL_haptic.h(708): warning C4820: 'SDL_HapticCustom': '2' bytes padding added after data member 'type'
c:\users\ndt59\onedrive - university of suffolk\uos\units\networking\code\sdlgamenetworking\libraries\sdl2-2.0.9\include\SDL_haptic.h(720): warning C4820: 'SDL_HapticCustom': '1' bytes padding added after data member 'channels'
c:\users\ndt59\onedrive - university of suffolk\uos\units\networking\code\sdlgamenetworking\kiwi\kiwi-master\kiwi-master\src\KW_scrollbox_internal.h(23): warning C4255: 'AllocScrollbox': no function prototype given: converting '()' to '(void)'
C:\Users\ndt59\OneDrive - University of Suffolk\UOS\Units\Networking\Code\SDLGameNetworking\Kiwi\KiWi-master\KiWi-master\src\KW_scrollbox_internal.c(8): warning C4255: 'AllocScrollbox': no function prototype given: converting '()' to '(void)'
C:\Users\ndt59\OneDrive - University of Suffolk\UOS\Units\Networking\Code\SDLGameNetworking\Kiwi\KiWi-master\KiWi-master\src\KW_scrollbox_internal.c(49): warning C4244: '=': conversion from 'int' to 'float', possible loss of data
C:\Users\ndt59\OneDrive - University of Suffolk\UOS\Units\Networking\Code\SDLGameNetworking\Kiwi\KiWi-master\KiWi-master\src\KW_scrollbox_internal.c(59): warning C4244: '=': conversion from 'int' to 'float', possible loss of data
  KW_scrollbox.c
c:\users\ndt59\onedrive - university of suffolk\uos\units\networking\code\sdlgamenetworking\libraries\sdl2-2.0.9\include\begin_code.h(37): warning C4668: '__GNUC__' is not defined as a preprocessor macro, replacing with '0' for '#if/#elif'
c:\users\ndt59\onedrive - university of suffolk\uos\units\networking\code\sdlgamenetworking\libraries\sdl2-2.0.9\include\SDL_assert.h(68): warning C4668: '__GNUC__' is not defined as a preprocessor macro, replacing with '0' for '#if/#elif'
C:\Program Files (x86)\Microsoft Visual Studio\2017\Community\VC\Tools\MSVC\14.16.27023\include\smmintrin.h(82): warning C4668: '__cplusplus' is not defined as a preprocessor macro, replacing with '0' for '#if/#elif'
C:\Program Files (x86)\Microsoft Visual Studio\2017\Community\VC\Tools\MSVC\14.16.27023\include\nmmintrin.h(35): warning C4668: '__cplusplus' is not defined as a preprocessor macro, replacing with '0' for '#if/#elif'
C:\Program Files (x86)\Microsoft Visual Studio\2017\Community\VC\Tools\MSVC\14.16.27023\include\wmmintrin.h(34): warning C4668: '__cplusplus' is not defined as a preprocessor macro, replacing with '0' for '#if/#elif'
C:\Program Files (x86)\Microsoft Visual Studio\2017\Community\VC\Tools\MSVC\14.16.27023\include\ammintrin.h(251): warning C4255: '__slwpcb': no function prototype given: converting '()' to '(void)'
c:\users\ndt59\onedrive - university of suffolk\uos\units\networking\code\sdlgamenetworking\libraries\sdl2-2.0.9\include\SDL_keyboard.h(52): warning C4820: 'SDL_Keysym': '2' bytes padding added after data member 'mod'
c:\users\ndt59\onedrive - university of suffolk\uos\units\networking\code\sdlgamenetworking\libraries\sdl2-2.0.9\include\SDL_haptic.h(453): warning C4820: 'SDL_HapticDirection': '3' bytes padding added after data member 'type'
c:\users\ndt59\onedrive - university of suffolk\uos\units\networking\code\sdlgamenetworking\libraries\sdl2-2.0.9\include\SDL_haptic.h(472): warning C4820: 'SDL_HapticConstant': '2' bytes padding added after data member 'type'
c:\users\ndt59\onedrive - university of suffolk\uos\units\networking\code\sdlgamenetworking\libraries\sdl2-2.0.9\include\SDL_haptic.h(555): warning C4820: 'SDL_HapticPeriodic': '2' bytes padding added after data member 'type'
c:\users\ndt59\onedrive - university of suffolk\uos\units\networking\code\sdlgamenetworking\libraries\sdl2-2.0.9\include\SDL_haptic.h(576): warning C4820: 'SDL_HapticPeriodic': '2' bytes padding added after data member 'fade_level'
c:\users\ndt59\onedrive - university of suffolk\uos\units\networking\code\sdlgamenetworking\libraries\sdl2-2.0.9\include\SDL_haptic.h(607): warning C4820: 'SDL_HapticCondition': '2' bytes padding added after data member 'type'
c:\users\ndt59\onedrive - university of suffolk\uos\units\networking\code\sdlgamenetworking\libraries\sdl2-2.0.9\include\SDL_haptic.h(624): warning C4820: 'SDL_HapticCondition': '2' bytes padding added after data member 'center'
c:\users\ndt59\onedrive - university of suffolk\uos\units\networking\code\sdlgamenetworking\libraries\sdl2-2.0.9\include\SDL_haptic.h(643): warning C4820: 'SDL_HapticRamp': '2' bytes padding added after data member 'type'
c:\users\ndt59\onedrive - university of suffolk\uos\units\networking\code\sdlgamenetworking\libraries\sdl2-2.0.9\include\SDL_haptic.h(662): warning C4820: 'SDL_HapticRamp': '2' bytes padding added after data member 'fade_level'
c:\users\ndt59\onedrive - university of suffolk\uos\units\networking\code\sdlgamenetworking\libraries\sdl2-2.0.9\include\SDL_haptic.h(682): warning C4820: 'SDL_HapticLeftRight': '2' bytes padding added after data member 'type'
c:\users\ndt59\onedrive - university of suffolk\uos\units\networking\code\sdlgamenetworking\libraries\sdl2-2.0.9\include\SDL_haptic.h(708): warning C4820: 'SDL_HapticCustom': '2' bytes padding added after data member 'type'
c:\users\ndt59\onedrive - university of suffolk\uos\units\networking\code\sdlgamenetworking\libraries\sdl2-2.0.9\include\SDL_haptic.h(720): warning C4820: 'SDL_HapticCustom': '1' bytes padding added after data member 'channels'
c:\users\ndt59\onedrive - university of suffolk\uos\units\networking\code\sdlgamenetworking\kiwi\kiwi-master\kiwi-master\src\KW_scrollbox_internal.h(23): warning C4255: 'AllocScrollbox': no function prototype given: converting '()' to '(void)'
  KW_editbox_internal.c
c:\users\ndt59\onedrive - university of suffolk\uos\units\networking\code\sdlgamenetworking\libraries\sdl2-2.0.9\include\begin_code.h(37): warning C4668: '__GNUC__' is not defined as a preprocessor macro, replacing with '0' for '#if/#elif'
c:\users\ndt59\onedrive - university of suffolk\uos\units\networking\code\sdlgamenetworking\libraries\sdl2-2.0.9\include\SDL_assert.h(68): warning C4668: '__GNUC__' is not defined as a preprocessor macro, replacing with '0' for '#if/#elif'
C:\Program Files (x86)\Microsoft Visual Studio\2017\Community\VC\Tools\MSVC\14.16.27023\include\smmintrin.h(82): warning C4668: '__cplusplus' is not defined as a preprocessor macro, replacing with '0' for '#if/#elif'
C:\Program Files (x86)\Microsoft Visual Studio\2017\Community\VC\Tools\MSVC\14.16.27023\include\nmmintrin.h(35): warning C4668: '__cplusplus' is not defined as a preprocessor macro, replacing with '0' for '#if/#elif'
C:\Program Files (x86)\Microsoft Visual Studio\2017\Community\VC\Tools\MSVC\14.16.27023\include\wmmintrin.h(34): warning C4668: '__cplusplus' is not defined as a preprocessor macro, replacing with '0' for '#if/#elif'
C:\Program Files (x86)\Microsoft Visual Studio\2017\Community\VC\Tools\MSVC\14.16.27023\include\ammintrin.h(251): warning C4255: '__slwpcb': no function prototype given: converting '()' to '(void)'
c:\users\ndt59\onedrive - university of suffolk\uos\units\networking\code\sdlgamenetworking\libraries\sdl2-2.0.9\include\SDL_keyboard.h(52): warning C4820: 'SDL_Keysym': '2' bytes padding added after data member 'mod'
c:\users\ndt59\onedrive - university of suffolk\uos\units\networking\code\sdlgamenetworking\libraries\sdl2-2.0.9\include\SDL_haptic.h(453): warning C4820: 'SDL_HapticDirection': '3' bytes padding added after data member 'type'
c:\users\ndt59\onedrive - university of suffolk\uos\units\networking\code\sdlgamenetworking\libraries\sdl2-2.0.9\include\SDL_haptic.h(472): warning C4820: 'SDL_HapticConstant': '2' bytes padding added after data member 'type'
c:\users\ndt59\onedrive - university of suffolk\uos\units\networking\code\sdlgamenetworking\libraries\sdl2-2.0.9\include\SDL_haptic.h(555): warning C4820: 'SDL_HapticPeriodic': '2' bytes padding added after data member 'type'
c:\users\ndt59\onedrive - university of suffolk\uos\units\networking\code\sdlgamenetworking\libraries\sdl2-2.0.9\include\SDL_haptic.h(576): warning C4820: 'SDL_HapticPeriodic': '2' bytes padding added after data member 'fade_level'
c:\users\ndt59\onedrive - university of suffolk\uos\units\networking\code\sdlgamenetworking\libraries\sdl2-2.0.9\include\SDL_haptic.h(607): warning C4820: 'SDL_HapticCondition': '2' bytes padding added after data member 'type'
c:\users\ndt59\onedrive - university of suffolk\uos\units\networking\code\sdlgamenetworking\libraries\sdl2-2.0.9\include\SDL_haptic.h(624): warning C4820: 'SDL_HapticCondition': '2' bytes padding added after data member 'center'
c:\users\ndt59\onedrive - university of suffolk\uos\units\networking\code\sdlgamenetworking\libraries\sdl2-2.0.9\include\SDL_haptic.h(643): warning C4820: 'SDL_HapticRamp': '2' bytes padding added after data member 'type'
c:\users\ndt59\onedrive - university of suffolk\uos\units\networking\code\sdlgamenetworking\libraries\sdl2-2.0.9\include\SDL_haptic.h(662): warning C4820: 'SDL_HapticRamp': '2' bytes padding added after data member 'fade_level'
c:\users\ndt59\onedrive - university of suffolk\uos\units\networking\code\sdlgamenetworking\libraries\sdl2-2.0.9\include\SDL_haptic.h(682): warning C4820: 'SDL_HapticLeftRight': '2' bytes padding added after data member 'type'
c:\users\ndt59\onedrive - university of suffolk\uos\units\networking\code\sdlgamenetworking\libraries\sdl2-2.0.9\include\SDL_haptic.h(708): warning C4820: 'SDL_HapticCustom': '2' bytes padding added after data member 'type'
c:\users\ndt59\onedrive - university of suffolk\uos\units\networking\code\sdlgamenetworking\libraries\sdl2-2.0.9\include\SDL_haptic.h(720): warning C4820: 'SDL_HapticCustom': '1' bytes padding added after data member 'channels'
c:\users\ndt59\onedrive - university of suffolk\uos\units\networking\code\sdlgamenetworking\kiwi\kiwi-master\kiwi-master\src\KW_editbox_internal.h(37): warning C4255: 'AllocEditbox': no function prototype given: converting '()' to '(void)'
C:\Users\ndt59\OneDrive - University of Suffolk\UOS\Units\Networking\Code\SDLGameNetworking\Kiwi\KiWi-master\KiWi-master\src\KW_editbox_internal.c(115): warning C4255: 'AllocEditbox': no function prototype given: converting '()' to '(void)'
C:\Users\ndt59\OneDrive - University of Suffolk\UOS\Units\Networking\Code\SDLGameNetworking\Kiwi\KiWi-master\KiWi-master\src\KW_editbox_internal.c(135): warning C4146: unary minus operator applied to unsigned type, result still unsigned
  utf8.c
C:\Users\ndt59\OneDrive - University of Suffolk\UOS\Units\Networking\Code\SDLGameNetworking\Kiwi\KiWi-master\KiWi-master\src\utf8.c(120): warning C4244: '=': conversion from 'uint32_t' to 'char', possible loss of data
C:\Users\ndt59\OneDrive - University of Suffolk\UOS\Units\Networking\Code\SDLGameNetworking\Kiwi\KiWi-master\KiWi-master\src\utf8.c(126): warning C4244: '=': conversion from 'uint32_t' to 'char', possible loss of data
C:\Users\ndt59\OneDrive - University of Suffolk\UOS\Units\Networking\Code\SDLGameNetworking\Kiwi\KiWi-master\KiWi-master\src\utf8.c(133): warning C4244: '=': conversion from 'uint32_t' to 'char', possible loss of data
C:\Users\ndt59\OneDrive - University of Suffolk\UOS\Units\Networking\Code\SDLGameNetworking\Kiwi\KiWi-master\KiWi-master\src\utf8.c(152): warning C4244: '=': conversion from 'uint32_t' to 'char', possible loss of data
C:\Users\ndt59\OneDrive - University of Suffolk\UOS\Units\Networking\Code\SDLGameNetworking\Kiwi\KiWi-master\KiWi-master\src\utf8.c(157): warning C4244: '=': conversion from 'uint32_t' to 'char', possible loss of data
C:\Users\ndt59\OneDrive - University of Suffolk\UOS\Units\Networking\Code\SDLGameNetworking\Kiwi\KiWi-master\KiWi-master\src\utf8.c(163): warning C4244: '=': conversion from 'uint32_t' to 'char', possible loss of data
  KW_editbox.c
c:\users\ndt59\onedrive - university of suffolk\uos\units\networking\code\sdlgamenetworking\libraries\sdl2-2.0.9\include\begin_code.h(37): warning C4668: '__GNUC__' is not defined as a preprocessor macro, replacing with '0' for '#if/#elif'
c:\users\ndt59\onedrive - university of suffolk\uos\units\networking\code\sdlgamenetworking\libraries\sdl2-2.0.9\include\SDL_assert.h(68): warning C4668: '__GNUC__' is not defined as a preprocessor macro, replacing with '0' for '#if/#elif'
C:\Program Files (x86)\Microsoft Visual Studio\2017\Community\VC\Tools\MSVC\14.16.27023\include\smmintrin.h(82): warning C4668: '__cplusplus' is not defined as a preprocessor macro, replacing with '0' for '#if/#elif'
C:\Program Files (x86)\Microsoft Visual Studio\2017\Community\VC\Tools\MSVC\14.16.27023\include\nmmintrin.h(35): warning C4668: '__cplusplus' is not defined as a preprocessor macro, replacing with '0' for '#if/#elif'
C:\Program Files (x86)\Microsoft Visual Studio\2017\Community\VC\Tools\MSVC\14.16.27023\include\wmmintrin.h(34): warning C4668: '__cplusplus' is not defined as a preprocessor macro, replacing with '0' for '#if/#elif'
C:\Program Files (x86)\Microsoft Visual Studio\2017\Community\VC\Tools\MSVC\14.16.27023\include\ammintrin.h(251): warning C4255: '__slwpcb': no function prototype given: converting '()' to '(void)'
c:\users\ndt59\onedrive - university of suffolk\uos\units\networking\code\sdlgamenetworking\libraries\sdl2-2.0.9\include\SDL_keyboard.h(52): warning C4820: 'SDL_Keysym': '2' bytes padding added after data member 'mod'
c:\users\ndt59\onedrive - university of suffolk\uos\units\networking\code\sdlgamenetworking\libraries\sdl2-2.0.9\include\SDL_haptic.h(453): warning C4820: 'SDL_HapticDirection': '3' bytes padding added after data member 'type'
c:\users\ndt59\onedrive - university of suffolk\uos\units\networking\code\sdlgamenetworking\libraries\sdl2-2.0.9\include\SDL_haptic.h(472): warning C4820: 'SDL_HapticConstant': '2' bytes padding added after data member 'type'
c:\users\ndt59\onedrive - university of suffolk\uos\units\networking\code\sdlgamenetworking\libraries\sdl2-2.0.9\include\SDL_haptic.h(555): warning C4820: 'SDL_HapticPeriodic': '2' bytes padding added after data member 'type'
c:\users\ndt59\onedrive - university of suffolk\uos\units\networking\code\sdlgamenetworking\libraries\sdl2-2.0.9\include\SDL_haptic.h(576): warning C4820: 'SDL_HapticPeriodic': '2' bytes padding added after data member 'fade_level'
c:\users\ndt59\onedrive - university of suffolk\uos\units\networking\code\sdlgamenetworking\libraries\sdl2-2.0.9\include\SDL_haptic.h(607): warning C4820: 'SDL_HapticCondition': '2' bytes padding added after data member 'type'
c:\users\ndt59\onedrive - university of suffolk\uos\units\networking\code\sdlgamenetworking\libraries\sdl2-2.0.9\include\SDL_haptic.h(624): warning C4820: 'SDL_HapticCondition': '2' bytes padding added after data member 'center'
c:\users\ndt59\onedrive - university of suffolk\uos\units\networking\code\sdlgamenetworking\libraries\sdl2-2.0.9\include\SDL_haptic.h(643): warning C4820: 'SDL_HapticRamp': '2' bytes padding added after data member 'type'
c:\users\ndt59\onedrive - university of suffolk\uos\units\networking\code\sdlgamenetworking\libraries\sdl2-2.0.9\include\SDL_haptic.h(662): warning C4820: 'SDL_HapticRamp': '2' bytes padding added after data member 'fade_level'
c:\users\ndt59\onedrive - university of suffolk\uos\units\networking\code\sdlgamenetworking\libraries\sdl2-2.0.9\include\SDL_haptic.h(682): warning C4820: 'SDL_HapticLeftRight': '2' bytes padding added after data member 'type'
c:\users\ndt59\onedrive - university of suffolk\uos\units\networking\code\sdlgamenetworking\libraries\sdl2-2.0.9\include\SDL_haptic.h(708): warning C4820: 'SDL_HapticCustom': '2' bytes padding added after data member 'type'
c:\users\ndt59\onedrive - university of suffolk\uos\units\networking\code\sdlgamenetworking\libraries\sdl2-2.0.9\include\SDL_haptic.h(720): warning C4820: 'SDL_HapticCustom': '1' bytes padding added after data member 'channels'
c:\users\ndt59\onedrive - university of suffolk\uos\units\networking\code\sdlgamenetworking\kiwi\kiwi-master\kiwi-master\src\KW_editbox_internal.h(37): warning C4255: 'AllocEditbox': no function prototype given: converting '()' to '(void)'
  KW_eventwatcher.c
c:\users\ndt59\onedrive - university of suffolk\uos\units\networking\code\sdlgamenetworking\libraries\sdl2-2.0.9\include\begin_code.h(37): warning C4668: '__GNUC__' is not defined as a preprocessor macro, replacing with '0' for '#if/#elif'
c:\users\ndt59\onedrive - university of suffolk\uos\units\networking\code\sdlgamenetworking\libraries\sdl2-2.0.9\include\SDL_assert.h(68): warning C4668: '__GNUC__' is not defined as a preprocessor macro, replacing with '0' for '#if/#elif'
C:\Program Files (x86)\Microsoft Visual Studio\2017\Community\VC\Tools\MSVC\14.16.27023\include\smmintrin.h(82): warning C4668: '__cplusplus' is not defined as a preprocessor macro, replacing with '0' for '#if/#elif'
C:\Program Files (x86)\Microsoft Visual Studio\2017\Community\VC\Tools\MSVC\14.16.27023\include\nmmintrin.h(35): warning C4668: '__cplusplus' is not defined as a preprocessor macro, replacing with '0' for '#if/#elif'
C:\Program Files (x86)\Microsoft Visual Studio\2017\Community\VC\Tools\MSVC\14.16.27023\include\wmmintrin.h(34): warning C4668: '__cplusplus' is not defined as a preprocessor macro, replacing with '0' for '#if/#elif'
C:\Program Files (x86)\Microsoft Visual Studio\2017\Community\VC\Tools\MSVC\14.16.27023\include\ammintrin.h(251): warning C4255: '__slwpcb': no function prototype given: converting '()' to '(void)'
c:\users\ndt59\onedrive - university of suffolk\uos\units\networking\code\sdlgamenetworking\libraries\sdl2-2.0.9\include\SDL_keyboard.h(52): warning C4820: 'SDL_Keysym': '2' bytes padding added after data member 'mod'
c:\users\ndt59\onedrive - university of suffolk\uos\units\networking\code\sdlgamenetworking\libraries\sdl2-2.0.9\include\SDL_haptic.h(453): warning C4820: 'SDL_HapticDirection': '3' bytes padding added after data member 'type'
c:\users\ndt59\onedrive - university of suffolk\uos\units\networking\code\sdlgamenetworking\libraries\sdl2-2.0.9\include\SDL_haptic.h(472): warning C4820: 'SDL_HapticConstant': '2' bytes padding added after data member 'type'
c:\users\ndt59\onedrive - university of suffolk\uos\units\networking\code\sdlgamenetworking\libraries\sdl2-2.0.9\include\SDL_haptic.h(555): warning C4820: 'SDL_HapticPeriodic': '2' bytes padding added after data member 'type'
c:\users\ndt59\onedrive - university of suffolk\uos\units\networking\code\sdlgamenetworking\libraries\sdl2-2.0.9\include\SDL_haptic.h(576): warning C4820: 'SDL_HapticPeriodic': '2' bytes padding added after data member 'fade_level'
c:\users\ndt59\onedrive - university of suffolk\uos\units\networking\code\sdlgamenetworking\libraries\sdl2-2.0.9\include\SDL_haptic.h(607): warning C4820: 'SDL_HapticCondition': '2' bytes padding added after data member 'type'
c:\users\ndt59\onedrive - university of suffolk\uos\units\networking\code\sdlgamenetworking\libraries\sdl2-2.0.9\include\SDL_haptic.h(624): warning C4820: 'SDL_HapticCondition': '2' bytes padding added after data member 'center'
c:\users\ndt59\onedrive - university of suffolk\uos\units\networking\code\sdlgamenetworking\libraries\sdl2-2.0.9\include\SDL_haptic.h(643): warning C4820: 'SDL_HapticRamp': '2' bytes padding added after data member 'type'
c:\users\ndt59\onedrive - university of suffolk\uos\units\networking\code\sdlgamenetworking\libraries\sdl2-2.0.9\include\SDL_haptic.h(662): warning C4820: 'SDL_HapticRamp': '2' bytes padding added after data member 'fade_level'
c:\users\ndt59\onedrive - university of suffolk\uos\units\networking\code\sdlgamenetworking\libraries\sdl2-2.0.9\include\SDL_haptic.h(682): warning C4820: 'SDL_HapticLeftRight': '2' bytes padding added after data member 'type'
c:\users\ndt59\onedrive - university of suffolk\uos\units\networking\code\sdlgamenetworking\libraries\sdl2-2.0.9\include\SDL_haptic.h(708): warning C4820: 'SDL_HapticCustom': '2' bytes padding added after data member 'type'
c:\users\ndt59\onedrive - university of suffolk\uos\units\networking\code\sdlgamenetworking\libraries\sdl2-2.0.9\include\SDL_haptic.h(720): warning C4820: 'SDL_HapticCustom': '1' bytes padding added after data member 'channels'
c:\users\ndt59\onedrive - university of suffolk\uos\units\networking\code\sdlgamenetworking\kiwi\kiwi-master\kiwi-master\src\KW_widget_internal.h(69): warning C4255: 'AllocWidget': no function prototype given: converting '()' to '(void)'
  KW_button.c
c:\users\ndt59\onedrive - university of suffolk\uos\units\networking\code\sdlgamenetworking\libraries\sdl2-2.0.9\include\begin_code.h(37): warning C4668: '__GNUC__' is not defined as a preprocessor macro, replacing with '0' for '#if/#elif'
c:\users\ndt59\onedrive - university of suffolk\uos\units\networking\code\sdlgamenetworking\libraries\sdl2-2.0.9\include\SDL_assert.h(68): warning C4668: '__GNUC__' is not defined as a preprocessor macro, replacing with '0' for '#if/#elif'
C:\Program Files (x86)\Microsoft Visual Studio\2017\Community\VC\Tools\MSVC\14.16.27023\include\smmintrin.h(82): warning C4668: '__cplusplus' is not defined as a preprocessor macro, replacing with '0' for '#if/#elif'
C:\Program Files (x86)\Microsoft Visual Studio\2017\Community\VC\Tools\MSVC\14.16.27023\include\nmmintrin.h(35): warning C4668: '__cplusplus' is not defined as a preprocessor macro, replacing with '0' for '#if/#elif'
C:\Program Files (x86)\Microsoft Visual Studio\2017\Community\VC\Tools\MSVC\14.16.27023\include\wmmintrin.h(34): warning C4668: '__cplusplus' is not defined as a preprocessor macro, replacing with '0' for '#if/#elif'
C:\Program Files (x86)\Microsoft Visual Studio\2017\Community\VC\Tools\MSVC\14.16.27023\include\ammintrin.h(251): warning C4255: '__slwpcb': no function prototype given: converting '()' to '(void)'
c:\users\ndt59\onedrive - university of suffolk\uos\units\networking\code\sdlgamenetworking\libraries\sdl2-2.0.9\include\SDL_keyboard.h(52): warning C4820: 'SDL_Keysym': '2' bytes padding added after data member 'mod'
c:\users\ndt59\onedrive - university of suffolk\uos\units\networking\code\sdlgamenetworking\libraries\sdl2-2.0.9\include\SDL_haptic.h(453): warning C4820: 'SDL_HapticDirection': '3' bytes padding added after data member 'type'
c:\users\ndt59\onedrive - university of suffolk\uos\units\networking\code\sdlgamenetworking\libraries\sdl2-2.0.9\include\SDL_haptic.h(472): warning C4820: 'SDL_HapticConstant': '2' bytes padding added after data member 'type'
c:\users\ndt59\onedrive - university of suffolk\uos\units\networking\code\sdlgamenetworking\libraries\sdl2-2.0.9\include\SDL_haptic.h(555): warning C4820: 'SDL_HapticPeriodic': '2' bytes padding added after data member 'type'
c:\users\ndt59\onedrive - university of suffolk\uos\units\networking\code\sdlgamenetworking\libraries\sdl2-2.0.9\include\SDL_haptic.h(576): warning C4820: 'SDL_HapticPeriodic': '2' bytes padding added after data member 'fade_level'
c:\users\ndt59\onedrive - university of suffolk\uos\units\networking\code\sdlgamenetworking\libraries\sdl2-2.0.9\include\SDL_haptic.h(607): warning C4820: 'SDL_HapticCondition': '2' bytes padding added after data member 'type'
c:\users\ndt59\onedrive - university of suffolk\uos\units\networking\code\sdlgamenetworking\libraries\sdl2-2.0.9\include\SDL_haptic.h(624): warning C4820: 'SDL_HapticCondition': '2' bytes padding added after data member 'center'
c:\users\ndt59\onedrive - university of suffolk\uos\units\networking\code\sdlgamenetworking\libraries\sdl2-2.0.9\include\SDL_haptic.h(643): warning C4820: 'SDL_HapticRamp': '2' bytes padding added after data member 'type'
c:\users\ndt59\onedrive - university of suffolk\uos\units\networking\code\sdlgamenetworking\libraries\sdl2-2.0.9\include\SDL_haptic.h(662): warning C4820: 'SDL_HapticRamp': '2' bytes padding added after data member 'fade_level'
c:\users\ndt59\onedrive - university of suffolk\uos\units\networking\code\sdlgamenetworking\libraries\sdl2-2.0.9\include\SDL_haptic.h(682): warning C4820: 'SDL_HapticLeftRight': '2' bytes padding added after data member 'type'
c:\users\ndt59\onedrive - university of suffolk\uos\units\networking\code\sdlgamenetworking\libraries\sdl2-2.0.9\include\SDL_haptic.h(708): warning C4820: 'SDL_HapticCustom': '2' bytes padding added after data member 'type'
c:\users\ndt59\onedrive - university of suffolk\uos\units\networking\code\sdlgamenetworking\libraries\sdl2-2.0.9\include\SDL_haptic.h(720): warning C4820: 'SDL_HapticCustom': '1' bytes padding added after data member 'channels'
C:\Users\ndt59\OneDrive - University of Suffolk\UOS\Units\Networking\Code\SDLGameNetworking\Kiwi\KiWi-master\KiWi-master\src\KW_button.c(7): warning C4255: 'AllocButton': no function prototype given: converting '()' to '(void)'
C:\Users\ndt59\OneDrive - University of Suffolk\UOS\Units\Networking\Code\SDLGameNetworking\Kiwi\KiWi-master\KiWi-master\src\KW_button.c(89): warning C4255: 'AllocButton': no function prototype given: converting '()' to '(void)'
  KW_label.c
c:\users\ndt59\onedrive - university of suffolk\uos\units\networking\code\sdlgamenetworking\libraries\sdl2-2.0.9\include\begin_code.h(37): warning C4668: '__GNUC__' is not defined as a preprocessor macro, replacing with '0' for '#if/#elif'
c:\users\ndt59\onedrive - university of suffolk\uos\units\networking\code\sdlgamenetworking\libraries\sdl2-2.0.9\include\SDL_assert.h(68): warning C4668: '__GNUC__' is not defined as a preprocessor macro, replacing with '0' for '#if/#elif'
C:\Program Files (x86)\Microsoft Visual Studio\2017\Community\VC\Tools\MSVC\14.16.27023\include\smmintrin.h(82): warning C4668: '__cplusplus' is not defined as a preprocessor macro, replacing with '0' for '#if/#elif'
C:\Program Files (x86)\Microsoft Visual Studio\2017\Community\VC\Tools\MSVC\14.16.27023\include\nmmintrin.h(35): warning C4668: '__cplusplus' is not defined as a preprocessor macro, replacing with '0' for '#if/#elif'
C:\Program Files (x86)\Microsoft Visual Studio\2017\Community\VC\Tools\MSVC\14.16.27023\include\wmmintrin.h(34): warning C4668: '__cplusplus' is not defined as a preprocessor macro, replacing with '0' for '#if/#elif'
C:\Program Files (x86)\Microsoft Visual Studio\2017\Community\VC\Tools\MSVC\14.16.27023\include\ammintrin.h(251): warning C4255: '__slwpcb': no function prototype given: converting '()' to '(void)'
c:\users\ndt59\onedrive - university of suffolk\uos\units\networking\code\sdlgamenetworking\libraries\sdl2-2.0.9\include\SDL_keyboard.h(52): warning C4820: 'SDL_Keysym': '2' bytes padding added after data member 'mod'
c:\users\ndt59\onedrive - university of suffolk\uos\units\networking\code\sdlgamenetworking\libraries\sdl2-2.0.9\include\SDL_haptic.h(453): warning C4820: 'SDL_HapticDirection': '3' bytes padding added after data member 'type'
c:\users\ndt59\onedrive - university of suffolk\uos\units\networking\code\sdlgamenetworking\libraries\sdl2-2.0.9\include\SDL_haptic.h(472): warning C4820: 'SDL_HapticConstant': '2' bytes padding added after data member 'type'
c:\users\ndt59\onedrive - university of suffolk\uos\units\networking\code\sdlgamenetworking\libraries\sdl2-2.0.9\include\SDL_haptic.h(555): warning C4820: 'SDL_HapticPeriodic': '2' bytes padding added after data member 'type'
c:\users\ndt59\onedrive - university of suffolk\uos\units\networking\code\sdlgamenetworking\libraries\sdl2-2.0.9\include\SDL_haptic.h(576): warning C4820: 'SDL_HapticPeriodic': '2' bytes padding added after data member 'fade_level'
c:\users\ndt59\onedrive - university of suffolk\uos\units\networking\code\sdlgamenetworking\libraries\sdl2-2.0.9\include\SDL_haptic.h(607): warning C4820: 'SDL_HapticCondition': '2' bytes padding added after data member 'type'
c:\users\ndt59\onedrive - university of suffolk\uos\units\networking\code\sdlgamenetworking\libraries\sdl2-2.0.9\include\SDL_haptic.h(624): warning C4820: 'SDL_HapticCondition': '2' bytes padding added after data member 'center'
c:\users\ndt59\onedrive - university of suffolk\uos\units\networking\code\sdlgamenetworking\libraries\sdl2-2.0.9\include\SDL_haptic.h(643): warning C4820: 'SDL_HapticRamp': '2' bytes padding added after data member 'type'
c:\users\ndt59\onedrive - university of suffolk\uos\units\networking\code\sdlgamenetworking\libraries\sdl2-2.0.9\include\SDL_haptic.h(662): warning C4820: 'SDL_HapticRamp': '2' bytes padding added after data member 'fade_level'
c:\users\ndt59\onedrive - university of suffolk\uos\units\networking\code\sdlgamenetworking\libraries\sdl2-2.0.9\include\SDL_haptic.h(682): warning C4820: 'SDL_HapticLeftRight': '2' bytes padding added after data member 'type'
c:\users\ndt59\onedrive - university of suffolk\uos\units\networking\code\sdlgamenetworking\libraries\sdl2-2.0.9\include\SDL_haptic.h(708): warning C4820: 'SDL_HapticCustom': '2' bytes padding added after data member 'type'
c:\users\ndt59\onedrive - university of suffolk\uos\units\networking\code\sdlgamenetworking\libraries\sdl2-2.0.9\include\SDL_haptic.h(720): warning C4820: 'SDL_HapticCustom': '1' bytes padding added after data member 'channels'
  KW_label_internal.c
c:\users\ndt59\onedrive - university of suffolk\uos\units\networking\code\sdlgamenetworking\libraries\sdl2-2.0.9\include\begin_code.h(37): warning C4668: '__GNUC__' is not defined as a preprocessor macro, replacing with '0' for '#if/#elif'
c:\users\ndt59\onedrive - university of suffolk\uos\units\networking\code\sdlgamenetworking\libraries\sdl2-2.0.9\include\SDL_assert.h(68): warning C4668: '__GNUC__' is not defined as a preprocessor macro, replacing with '0' for '#if/#elif'
C:\Program Files (x86)\Microsoft Visual Studio\2017\Community\VC\Tools\MSVC\14.16.27023\include\smmintrin.h(82): warning C4668: '__cplusplus' is not defined as a preprocessor macro, replacing with '0' for '#if/#elif'
C:\Program Files (x86)\Microsoft Visual Studio\2017\Community\VC\Tools\MSVC\14.16.27023\include\nmmintrin.h(35): warning C4668: '__cplusplus' is not defined as a preprocessor macro, replacing with '0' for '#if/#elif'
C:\Program Files (x86)\Microsoft Visual Studio\2017\Community\VC\Tools\MSVC\14.16.27023\include\wmmintrin.h(34): warning C4668: '__cplusplus' is not defined as a preprocessor macro, replacing with '0' for '#if/#elif'
C:\Program Files (x86)\Microsoft Visual Studio\2017\Community\VC\Tools\MSVC\14.16.27023\include\ammintrin.h(251): warning C4255: '__slwpcb': no function prototype given: converting '()' to '(void)'
c:\users\ndt59\onedrive - university of suffolk\uos\units\networking\code\sdlgamenetworking\libraries\sdl2-2.0.9\include\SDL_keyboard.h(52): warning C4820: 'SDL_Keysym': '2' bytes padding added after data member 'mod'
c:\users\ndt59\onedrive - university of suffolk\uos\units\networking\code\sdlgamenetworking\libraries\sdl2-2.0.9\include\SDL_haptic.h(453): warning C4820: 'SDL_HapticDirection': '3' bytes padding added after data member 'type'
c:\users\ndt59\onedrive - university of suffolk\uos\units\networking\code\sdlgamenetworking\libraries\sdl2-2.0.9\include\SDL_haptic.h(472): warning C4820: 'SDL_HapticConstant': '2' bytes padding added after data member 'type'
c:\users\ndt59\onedrive - university of suffolk\uos\units\networking\code\sdlgamenetworking\libraries\sdl2-2.0.9\include\SDL_haptic.h(555): warning C4820: 'SDL_HapticPeriodic': '2' bytes padding added after data member 'type'
c:\users\ndt59\onedrive - university of suffolk\uos\units\networking\code\sdlgamenetworking\libraries\sdl2-2.0.9\include\SDL_haptic.h(576): warning C4820: 'SDL_HapticPeriodic': '2' bytes padding added after data member 'fade_level'
c:\users\ndt59\onedrive - university of suffolk\uos\units\networking\code\sdlgamenetworking\libraries\sdl2-2.0.9\include\SDL_haptic.h(607): warning C4820: 'SDL_HapticCondition': '2' bytes padding added after data member 'type'
c:\users\ndt59\onedrive - university of suffolk\uos\units\networking\code\sdlgamenetworking\libraries\sdl2-2.0.9\include\SDL_haptic.h(624): warning C4820: 'SDL_HapticCondition': '2' bytes padding added after data member 'center'
c:\users\ndt59\onedrive - university of suffolk\uos\units\networking\code\sdlgamenetworking\libraries\sdl2-2.0.9\include\SDL_haptic.h(643): warning C4820: 'SDL_HapticRamp': '2' bytes padding added after data member 'type'
c:\users\ndt59\onedrive - university of suffolk\uos\units\networking\code\sdlgamenetworking\libraries\sdl2-2.0.9\include\SDL_haptic.h(662): warning C4820: 'SDL_HapticRamp': '2' bytes padding added after data member 'fade_level'
c:\users\ndt59\onedrive - university of suffolk\uos\units\networking\code\sdlgamenetworking\libraries\sdl2-2.0.9\include\SDL_haptic.h(682): warning C4820: 'SDL_HapticLeftRight': '2' bytes padding added after data member 'type'
c:\users\ndt59\onedrive - university of suffolk\uos\units\networking\code\sdlgamenetworking\libraries\sdl2-2.0.9\include\SDL_haptic.h(708): warning C4820: 'SDL_HapticCustom': '2' bytes padding added after data member 'type'
c:\users\ndt59\onedrive - university of suffolk\uos\units\networking\code\sdlgamenetworking\libraries\sdl2-2.0.9\include\SDL_haptic.h(720): warning C4820: 'SDL_HapticCustom': '1' bytes padding added after data member 'channels'
  KW_gui.c
C:\Program Files (x86)\Windows Kits\10\Include\10.0.17134.0\ucrt\time.h(36): warning C4820: '_timespec64': '4' bytes padding added after data member 'tv_nsec'
C:\Program Files (x86)\Windows Kits\10\Include\10.0.17134.0\ucrt\time.h(43): warning C4820: 'timespec': '4' bytes padding added after data member 'tv_nsec'
c:\users\ndt59\onedrive - university of suffolk\uos\units\networking\code\sdlgamenetworking\libraries\sdl2-2.0.9\include\begin_code.h(37): warning C4668: '__GNUC__' is not defined as a preprocessor macro, replacing with '0' for '#if/#elif'
c:\users\ndt59\onedrive - university of suffolk\uos\units\networking\code\sdlgamenetworking\libraries\sdl2-2.0.9\include\SDL_assert.h(68): warning C4668: '__GNUC__' is not defined as a preprocessor macro, replacing with '0' for '#if/#elif'
C:\Program Files (x86)\Microsoft Visual Studio\2017\Community\VC\Tools\MSVC\14.16.27023\include\smmintrin.h(82): warning C4668: '__cplusplus' is not defined as a preprocessor macro, replacing with '0' for '#if/#elif'
C:\Program Files (x86)\Microsoft Visual Studio\2017\Community\VC\Tools\MSVC\14.16.27023\include\nmmintrin.h(35): warning C4668: '__cplusplus' is not defined as a preprocessor macro, replacing with '0' for '#if/#elif'
C:\Program Files (x86)\Microsoft Visual Studio\2017\Community\VC\Tools\MSVC\14.16.27023\include\wmmintrin.h(34): warning C4668: '__cplusplus' is not defined as a preprocessor macro, replacing with '0' for '#if/#elif'
C:\Program Files (x86)\Microsoft Visual Studio\2017\Community\VC\Tools\MSVC\14.16.27023\include\ammintrin.h(251): warning C4255: '__slwpcb': no function prototype given: converting '()' to '(void)'
c:\users\ndt59\onedrive - university of suffolk\uos\units\networking\code\sdlgamenetworking\libraries\sdl2-2.0.9\include\SDL_keyboard.h(52): warning C4820: 'SDL_Keysym': '2' bytes padding added after data member 'mod'
c:\users\ndt59\onedrive - university of suffolk\uos\units\networking\code\sdlgamenetworking\libraries\sdl2-2.0.9\include\SDL_haptic.h(453): warning C4820: 'SDL_HapticDirection': '3' bytes padding added after data member 'type'
c:\users\ndt59\onedrive - university of suffolk\uos\units\networking\code\sdlgamenetworking\libraries\sdl2-2.0.9\include\SDL_haptic.h(472): warning C4820: 'SDL_HapticConstant': '2' bytes padding added after data member 'type'
c:\users\ndt59\onedrive - university of suffolk\uos\units\networking\code\sdlgamenetworking\libraries\sdl2-2.0.9\include\SDL_haptic.h(555): warning C4820: 'SDL_HapticPeriodic': '2' bytes padding added after data member 'type'
c:\users\ndt59\onedrive - university of suffolk\uos\units\networking\code\sdlgamenetworking\libraries\sdl2-2.0.9\include\SDL_haptic.h(576): warning C4820: 'SDL_HapticPeriodic': '2' bytes padding added after data member 'fade_level'
c:\users\ndt59\onedrive - university of suffolk\uos\units\networking\code\sdlgamenetworking\libraries\sdl2-2.0.9\include\SDL_haptic.h(607): warning C4820: 'SDL_HapticCondition': '2' bytes padding added after data member 'type'
c:\users\ndt59\onedrive - university of suffolk\uos\units\networking\code\sdlgamenetworking\libraries\sdl2-2.0.9\include\SDL_haptic.h(624): warning C4820: 'SDL_HapticCondition': '2' bytes padding added after data member 'center'
c:\users\ndt59\onedrive - university of suffolk\uos\units\networking\code\sdlgamenetworking\libraries\sdl2-2.0.9\include\SDL_haptic.h(643): warning C4820: 'SDL_HapticRamp': '2' bytes padding added after data member 'type'
c:\users\ndt59\onedrive - university of suffolk\uos\units\networking\code\sdlgamenetworking\libraries\sdl2-2.0.9\include\SDL_haptic.h(662): warning C4820: 'SDL_HapticRamp': '2' bytes padding added after data member 'fade_level'
c:\users\ndt59\onedrive - university of suffolk\uos\units\networking\code\sdlgamenetworking\libraries\sdl2-2.0.9\include\SDL_haptic.h(682): warning C4820: 'SDL_HapticLeftRight': '2' bytes padding added after data member 'type'
c:\users\ndt59\onedrive - university of suffolk\uos\units\networking\code\sdlgamenetworking\libraries\sdl2-2.0.9\include\SDL_haptic.h(708): warning C4820: 'SDL_HapticCustom': '2' bytes padding added after data member 'type'
c:\users\ndt59\onedrive - university of suffolk\uos\units\networking\code\sdlgamenetworking\libraries\sdl2-2.0.9\include\SDL_haptic.h(720): warning C4820: 'SDL_HapticCustom': '1' bytes padding added after data member 'channels'
c:\users\ndt59\onedrive - university of suffolk\uos\units\networking\code\sdlgamenetworking\kiwi\kiwi-master\kiwi-master\src\KW_widget_internal.h(69): warning C4255: 'AllocWidget': no function prototype given: converting '()' to '(void)'
C:\Users\ndt59\OneDrive - University of Suffolk\UOS\Units\Networking\Code\SDLGameNetworking\Kiwi\KiWi-master\KiWi-master\src\KW_gui.c(19): warning C4013: 'srand' undefined; assuming extern returning int
  KW_frame.c
c:\users\ndt59\onedrive - university of suffolk\uos\units\networking\code\sdlgamenetworking\libraries\sdl2-2.0.9\include\begin_code.h(37): warning C4668: '__GNUC__' is not defined as a preprocessor macro, replacing with '0' for '#if/#elif'
c:\users\ndt59\onedrive - university of suffolk\uos\units\networking\code\sdlgamenetworking\libraries\sdl2-2.0.9\include\SDL_assert.h(68): warning C4668: '__GNUC__' is not defined as a preprocessor macro, replacing with '0' for '#if/#elif'
C:\Program Files (x86)\Microsoft Visual Studio\2017\Community\VC\Tools\MSVC\14.16.27023\include\smmintrin.h(82): warning C4668: '__cplusplus' is not defined as a preprocessor macro, replacing with '0' for '#if/#elif'
C:\Program Files (x86)\Microsoft Visual Studio\2017\Community\VC\Tools\MSVC\14.16.27023\include\nmmintrin.h(35): warning C4668: '__cplusplus' is not defined as a preprocessor macro, replacing with '0' for '#if/#elif'
C:\Program Files (x86)\Microsoft Visual Studio\2017\Community\VC\Tools\MSVC\14.16.27023\include\wmmintrin.h(34): warning C4668: '__cplusplus' is not defined as a preprocessor macro, replacing with '0' for '#if/#elif'
C:\Program Files (x86)\Microsoft Visual Studio\2017\Community\VC\Tools\MSVC\14.16.27023\include\ammintrin.h(251): warning C4255: '__slwpcb': no function prototype given: converting '()' to '(void)'
c:\users\ndt59\onedrive - university of suffolk\uos\units\networking\code\sdlgamenetworking\libraries\sdl2-2.0.9\include\SDL_keyboard.h(52): warning C4820: 'SDL_Keysym': '2' bytes padding added after data member 'mod'
c:\users\ndt59\onedrive - university of suffolk\uos\units\networking\code\sdlgamenetworking\libraries\sdl2-2.0.9\include\SDL_haptic.h(453): warning C4820: 'SDL_HapticDirection': '3' bytes padding added after data member 'type'
c:\users\ndt59\onedrive - university of suffolk\uos\units\networking\code\sdlgamenetworking\libraries\sdl2-2.0.9\include\SDL_haptic.h(472): warning C4820: 'SDL_HapticConstant': '2' bytes padding added after data member 'type'
c:\users\ndt59\onedrive - university of suffolk\uos\units\networking\code\sdlgamenetworking\libraries\sdl2-2.0.9\include\SDL_haptic.h(555): warning C4820: 'SDL_HapticPeriodic': '2' bytes padding added after data member 'type'
c:\users\ndt59\onedrive - university of suffolk\uos\units\networking\code\sdlgamenetworking\libraries\sdl2-2.0.9\include\SDL_haptic.h(576): warning C4820: 'SDL_HapticPeriodic': '2' bytes padding added after data member 'fade_level'
c:\users\ndt59\onedrive - university of suffolk\uos\units\networking\code\sdlgamenetworking\libraries\sdl2-2.0.9\include\SDL_haptic.h(607): warning C4820: 'SDL_HapticCondition': '2' bytes padding added after data member 'type'
c:\users\ndt59\onedrive - university of suffolk\uos\units\networking\code\sdlgamenetworking\libraries\sdl2-2.0.9\include\SDL_haptic.h(624): warning C4820: 'SDL_HapticCondition': '2' bytes padding added after data member 'center'
c:\users\ndt59\onedrive - university of suffolk\uos\units\networking\code\sdlgamenetworking\libraries\sdl2-2.0.9\include\SDL_haptic.h(643): warning C4820: 'SDL_HapticRamp': '2' bytes padding added after data member 'type'
c:\users\ndt59\onedrive - university of suffolk\uos\units\networking\code\sdlgamenetworking\libraries\sdl2-2.0.9\include\SDL_haptic.h(662): warning C4820: 'SDL_HapticRamp': '2' bytes padding added after data member 'fade_level'
c:\users\ndt59\onedrive - university of suffolk\uos\units\networking\code\sdlgamenetworking\libraries\sdl2-2.0.9\include\SDL_haptic.h(682): warning C4820: 'SDL_HapticLeftRight': '2' bytes padding added after data member 'type'
c:\users\ndt59\onedrive - university of suffolk\uos\units\networking\code\sdlgamenetworking\libraries\sdl2-2.0.9\include\SDL_haptic.h(708): warning C4820: 'SDL_HapticCustom': '2' bytes padding added after data member 'type'
c:\users\ndt59\onedrive - university of suffolk\uos\units\networking\code\sdlgamenetworking\libraries\sdl2-2.0.9\include\SDL_haptic.h(720): warning C4820: 'SDL_HapticCustom': '1' bytes padding added after data member 'channels'
c:\users\ndt59\onedrive - university of suffolk\uos\units\networking\code\sdlgamenetworking\kiwi\kiwi-master\kiwi-master\src\KW_frame_internal.h(15): warning C4255: 'AllocFrame': no function prototype given: converting '()' to '(void)'
  KW_frame_internal.c
c:\users\ndt59\onedrive - university of suffolk\uos\units\networking\code\sdlgamenetworking\libraries\sdl2-2.0.9\include\begin_code.h(37): warning C4668: '__GNUC__' is not defined as a preprocessor macro, replacing with '0' for '#if/#elif'
c:\users\ndt59\onedrive - university of suffolk\uos\units\networking\code\sdlgamenetworking\libraries\sdl2-2.0.9\include\SDL_assert.h(68): warning C4668: '__GNUC__' is not defined as a preprocessor macro, replacing with '0' for '#if/#elif'
C:\Program Files (x86)\Microsoft Visual Studio\2017\Community\VC\Tools\MSVC\14.16.27023\include\smmintrin.h(82): warning C4668: '__cplusplus' is not defined as a preprocessor macro, replacing with '0' for '#if/#elif'
C:\Program Files (x86)\Microsoft Visual Studio\2017\Community\VC\Tools\MSVC\14.16.27023\include\nmmintrin.h(35): warning C4668: '__cplusplus' is not defined as a preprocessor macro, replacing with '0' for '#if/#elif'
C:\Program Files (x86)\Microsoft Visual Studio\2017\Community\VC\Tools\MSVC\14.16.27023\include\wmmintrin.h(34): warning C4668: '__cplusplus' is not defined as a preprocessor macro, replacing with '0' for '#if/#elif'
C:\Program Files (x86)\Microsoft Visual Studio\2017\Community\VC\Tools\MSVC\14.16.27023\include\ammintrin.h(251): warning C4255: '__slwpcb': no function prototype given: converting '()' to '(void)'
c:\users\ndt59\onedrive - university of suffolk\uos\units\networking\code\sdlgamenetworking\libraries\sdl2-2.0.9\include\SDL_keyboard.h(52): warning C4820: 'SDL_Keysym': '2' bytes padding added after data member 'mod'
c:\users\ndt59\onedrive - university of suffolk\uos\units\networking\code\sdlgamenetworking\libraries\sdl2-2.0.9\include\SDL_haptic.h(453): warning C4820: 'SDL_HapticDirection': '3' bytes padding added after data member 'type'
c:\users\ndt59\onedrive - university of suffolk\uos\units\networking\code\sdlgamenetworking\libraries\sdl2-2.0.9\include\SDL_haptic.h(472): warning C4820: 'SDL_HapticConstant': '2' bytes padding added after data member 'type'
c:\users\ndt59\onedrive - university of suffolk\uos\units\networking\code\sdlgamenetworking\libraries\sdl2-2.0.9\include\SDL_haptic.h(555): warning C4820: 'SDL_HapticPeriodic': '2' bytes padding added after data member 'type'
c:\users\ndt59\onedrive - university of suffolk\uos\units\networking\code\sdlgamenetworking\libraries\sdl2-2.0.9\include\SDL_haptic.h(576): warning C4820: 'SDL_HapticPeriodic': '2' bytes padding added after data member 'fade_level'
c:\users\ndt59\onedrive - university of suffolk\uos\units\networking\code\sdlgamenetworking\libraries\sdl2-2.0.9\include\SDL_haptic.h(607): warning C4820: 'SDL_HapticCondition': '2' bytes padding added after data member 'type'
c:\users\ndt59\onedrive - university of suffolk\uos\units\networking\code\sdlgamenetworking\libraries\sdl2-2.0.9\include\SDL_haptic.h(624): warning C4820: 'SDL_HapticCondition': '2' bytes padding added after data member 'center'
c:\users\ndt59\onedrive - university of suffolk\uos\units\networking\code\sdlgamenetworking\libraries\sdl2-2.0.9\include\SDL_haptic.h(643): warning C4820: 'SDL_HapticRamp': '2' bytes padding added after data member 'type'
c:\users\ndt59\onedrive - university of suffolk\uos\units\networking\code\sdlgamenetworking\libraries\sdl2-2.0.9\include\SDL_haptic.h(662): warning C4820: 'SDL_HapticRamp': '2' bytes padding added after data member 'fade_level'
c:\users\ndt59\onedrive - university of suffolk\uos\units\networking\code\sdlgamenetworking\libraries\sdl2-2.0.9\include\SDL_haptic.h(682): warning C4820: 'SDL_HapticLeftRight': '2' bytes padding added after data member 'type'
c:\users\ndt59\onedrive - university of suffolk\uos\units\networking\code\sdlgamenetworking\libraries\sdl2-2.0.9\include\SDL_haptic.h(708): warning C4820: 'SDL_HapticCustom': '2' bytes padding added after data member 'type'
c:\users\ndt59\onedrive - university of suffolk\uos\units\networking\code\sdlgamenetworking\libraries\sdl2-2.0.9\include\SDL_haptic.h(720): warning C4820: 'SDL_HapticCustom': '1' bytes padding added after data member 'channels'
c:\users\ndt59\onedrive - university of suffolk\uos\units\networking\code\sdlgamenetworking\kiwi\kiwi-master\kiwi-master\src\KW_frame_internal.h(15): warning C4255: 'AllocFrame': no function prototype given: converting '()' to '(void)'
C:\Users\ndt59\OneDrive - University of Suffolk\UOS\Units\Networking\Code\SDLGameNetworking\Kiwi\KiWi-master\KiWi-master\src\KW_frame_internal.c(7): warning C4255: 'AllocFrame': no function prototype given: converting '()' to '(void)'
  KW_tilerenderer.c
  KW_widget.c
c:\users\ndt59\onedrive - university of suffolk\uos\units\networking\code\sdlgamenetworking\libraries\sdl2-2.0.9\include\begin_code.h(37): warning C4668: '__GNUC__' is not defined as a preprocessor macro, replacing with '0' for '#if/#elif'
c:\users\ndt59\onedrive - university of suffolk\uos\units\networking\code\sdlgamenetworking\libraries\sdl2-2.0.9\include\SDL_assert.h(68): warning C4668: '__GNUC__' is not defined as a preprocessor macro, replacing with '0' for '#if/#elif'
C:\Program Files (x86)\Microsoft Visual Studio\2017\Community\VC\Tools\MSVC\14.16.27023\include\smmintrin.h(82): warning C4668: '__cplusplus' is not defined as a preprocessor macro, replacing with '0' for '#if/#elif'
C:\Program Files (x86)\Microsoft Visual Studio\2017\Community\VC\Tools\MSVC\14.16.27023\include\nmmintrin.h(35): warning C4668: '__cplusplus' is not defined as a preprocessor macro, replacing with '0' for '#if/#elif'
C:\Program Files (x86)\Microsoft Visual Studio\2017\Community\VC\Tools\MSVC\14.16.27023\include\wmmintrin.h(34): warning C4668: '__cplusplus' is not defined as a preprocessor macro, replacing with '0' for '#if/#elif'
C:\Program Files (x86)\Microsoft Visual Studio\2017\Community\VC\Tools\MSVC\14.16.27023\include\ammintrin.h(251): warning C4255: '__slwpcb': no function prototype given: converting '()' to '(void)'
c:\users\ndt59\onedrive - university of suffolk\uos\units\networking\code\sdlgamenetworking\libraries\sdl2-2.0.9\include\SDL_keyboard.h(52): warning C4820: 'SDL_Keysym': '2' bytes padding added after data member 'mod'
c:\users\ndt59\onedrive - university of suffolk\uos\units\networking\code\sdlgamenetworking\libraries\sdl2-2.0.9\include\SDL_haptic.h(453): warning C4820: 'SDL_HapticDirection': '3' bytes padding added after data member 'type'
c:\users\ndt59\onedrive - university of suffolk\uos\units\networking\code\sdlgamenetworking\libraries\sdl2-2.0.9\include\SDL_haptic.h(472): warning C4820: 'SDL_HapticConstant': '2' bytes padding added after data member 'type'
c:\users\ndt59\onedrive - university of suffolk\uos\units\networking\code\sdlgamenetworking\libraries\sdl2-2.0.9\include\SDL_haptic.h(555): warning C4820: 'SDL_HapticPeriodic': '2' bytes padding added after data member 'type'
c:\users\ndt59\onedrive - university of suffolk\uos\units\networking\code\sdlgamenetworking\libraries\sdl2-2.0.9\include\SDL_haptic.h(576): warning C4820: 'SDL_HapticPeriodic': '2' bytes padding added after data member 'fade_level'
c:\users\ndt59\onedrive - university of suffolk\uos\units\networking\code\sdlgamenetworking\libraries\sdl2-2.0.9\include\SDL_haptic.h(607): warning C4820: 'SDL_HapticCondition': '2' bytes padding added after data member 'type'
c:\users\ndt59\onedrive - university of suffolk\uos\units\networking\code\sdlgamenetworking\libraries\sdl2-2.0.9\include\SDL_haptic.h(624): warning C4820: 'SDL_HapticCondition': '2' bytes padding added after data member 'center'
c:\users\ndt59\onedrive - university of suffolk\uos\units\networking\code\sdlgamenetworking\libraries\sdl2-2.0.9\include\SDL_haptic.h(643): warning C4820: 'SDL_HapticRamp': '2' bytes padding added after data member 'type'
c:\users\ndt59\onedrive - university of suffolk\uos\units\networking\code\sdlgamenetworking\libraries\sdl2-2.0.9\include\SDL_haptic.h(662): warning C4820: 'SDL_HapticRamp': '2' bytes padding added after data member 'fade_level'
c:\users\ndt59\onedrive - university of suffolk\uos\units\networking\code\sdlgamenetworking\libraries\sdl2-2.0.9\include\SDL_haptic.h(682): warning C4820: 'SDL_HapticLeftRight': '2' bytes padding added after data member 'type'
c:\users\ndt59\onedrive - university of suffolk\uos\units\networking\code\sdlgamenetworking\libraries\sdl2-2.0.9\include\SDL_haptic.h(708): warning C4820: 'SDL_HapticCustom': '2' bytes padding added after data member 'type'
c:\users\ndt59\onedrive - university of suffolk\uos\units\networking\code\sdlgamenetworking\libraries\sdl2-2.0.9\include\SDL_haptic.h(720): warning C4820: 'SDL_HapticCustom': '1' bytes padding added after data member 'channels'
c:\users\ndt59\onedrive - university of suffolk\uos\units\networking\code\sdlgamenetworking\kiwi\kiwi-master\kiwi-master\src\KW_widget_internal.h(69): warning C4255: 'AllocWidget': no function prototype given: converting '()' to '(void)'
C:\Users\ndt59\OneDrive - University of Suffolk\UOS\Units\Networking\Code\SDLGameNetworking\Kiwi\KiWi-master\KiWi-master\src\KW_widget.c(8): warning C4255: 'AllocWidget': no function prototype given: converting '()' to '(void)'
C:\Users\ndt59\OneDrive - University of Suffolk\UOS\Units\Networking\Code\SDLGameNetworking\Kiwi\KiWi-master\KiWi-master\src\KW_widget.c(463): warning C4996: 'sprintf': This function or variable may be unsafe. Consider using sprintf_s instead. To disable deprecation, use _CRT_SECURE_NO_WARNINGS. See online help for details.
  C:\Program Files (x86)\Windows Kits\10\Include\10.0.17134.0\ucrt\stdio.h(1774): note: see declaration of 'sprintf'
C:\Program Files (x86)\Windows Kits\10\Include\10.0.17134.0\ucrt\stdio.h(1774): warning C4710: 'int sprintf(char *const ,const char *const ,...)': function not inlined
  C:\Program Files (x86)\Windows Kits\10\Include\10.0.17134.0\ucrt\stdio.h(1774): note: see declaration of 'sprintf'
  KW_widget_eventhandlers.c
c:\users\ndt59\onedrive - university of suffolk\uos\units\networking\code\sdlgamenetworking\libraries\sdl2-2.0.9\include\begin_code.h(37): warning C4668: '__GNUC__' is not defined as a preprocessor macro, replacing with '0' for '#if/#elif'
c:\users\ndt59\onedrive - university of suffolk\uos\units\networking\code\sdlgamenetworking\libraries\sdl2-2.0.9\include\SDL_assert.h(68): warning C4668: '__GNUC__' is not defined as a preprocessor macro, replacing with '0' for '#if/#elif'
C:\Program Files (x86)\Microsoft Visual Studio\2017\Community\VC\Tools\MSVC\14.16.27023\include\smmintrin.h(82): warning C4668: '__cplusplus' is not defined as a preprocessor macro, replacing with '0' for '#if/#elif'
C:\Program Files (x86)\Microsoft Visual Studio\2017\Community\VC\Tools\MSVC\14.16.27023\include\nmmintrin.h(35): warning C4668: '__cplusplus' is not defined as a preprocessor macro, replacing with '0' for '#if/#elif'
C:\Program Files (x86)\Microsoft Visual Studio\2017\Community\VC\Tools\MSVC\14.16.27023\include\wmmintrin.h(34): warning C4668: '__cplusplus' is not defined as a preprocessor macro, replacing with '0' for '#if/#elif'
C:\Program Files (x86)\Microsoft Visual Studio\2017\Community\VC\Tools\MSVC\14.16.27023\include\ammintrin.h(251): warning C4255: '__slwpcb': no function prototype given: converting '()' to '(void)'
c:\users\ndt59\onedrive - university of suffolk\uos\units\networking\code\sdlgamenetworking\libraries\sdl2-2.0.9\include\SDL_keyboard.h(52): warning C4820: 'SDL_Keysym': '2' bytes padding added after data member 'mod'
c:\users\ndt59\onedrive - university of suffolk\uos\units\networking\code\sdlgamenetworking\libraries\sdl2-2.0.9\include\SDL_haptic.h(453): warning C4820: 'SDL_HapticDirection': '3' bytes padding added after data member 'type'
c:\users\ndt59\onedrive - university of suffolk\uos\units\networking\code\sdlgamenetworking\libraries\sdl2-2.0.9\include\SDL_haptic.h(472): warning C4820: 'SDL_HapticConstant': '2' bytes padding added after data member 'type'
c:\users\ndt59\onedrive - university of suffolk\uos\units\networking\code\sdlgamenetworking\libraries\sdl2-2.0.9\include\SDL_haptic.h(555): warning C4820: 'SDL_HapticPeriodic': '2' bytes padding added after data member 'type'
c:\users\ndt59\onedrive - university of suffolk\uos\units\networking\code\sdlgamenetworking\libraries\sdl2-2.0.9\include\SDL_haptic.h(576): warning C4820: 'SDL_HapticPeriodic': '2' bytes padding added after data member 'fade_level'
c:\users\ndt59\onedrive - university of suffolk\uos\units\networking\code\sdlgamenetworking\libraries\sdl2-2.0.9\include\SDL_haptic.h(607): warning C4820: 'SDL_HapticCondition': '2' bytes padding added after data member 'type'
c:\users\ndt59\onedrive - university of suffolk\uos\units\networking\code\sdlgamenetworking\libraries\sdl2-2.0.9\include\SDL_haptic.h(624): warning C4820: 'SDL_HapticCondition': '2' bytes padding added after data member 'center'
c:\users\ndt59\onedrive - university of suffolk\uos\units\networking\code\sdlgamenetworking\libraries\sdl2-2.0.9\include\SDL_haptic.h(643): warning C4820: 'SDL_HapticRamp': '2' bytes padding added after data member 'type'
c:\users\ndt59\onedrive - university of suffolk\uos\units\networking\code\sdlgamenetworking\libraries\sdl2-2.0.9\include\SDL_haptic.h(662): warning C4820: 'SDL_HapticRamp': '2' bytes padding added after data member 'fade_level'
c:\users\ndt59\onedrive - university of suffolk\uos\units\networking\code\sdlgamenetworking\libraries\sdl2-2.0.9\include\SDL_haptic.h(682): warning C4820: 'SDL_HapticLeftRight': '2' bytes padding added after data member 'type'
c:\users\ndt59\onedrive - university of suffolk\uos\units\networking\code\sdlgamenetworking\libraries\sdl2-2.0.9\include\SDL_haptic.h(708): warning C4820: 'SDL_HapticCustom': '2' bytes padding added after data member 'type'
c:\users\ndt59\onedrive - university of suffolk\uos\units\networking\code\sdlgamenetworking\libraries\sdl2-2.0.9\include\SDL_haptic.h(720): warning C4820: 'SDL_HapticCustom': '1' bytes padding added after data member 'channels'
c:\users\ndt59\onedrive - university of suffolk\uos\units\networking\code\sdlgamenetworking\kiwi\kiwi-master\kiwi-master\src\KW_widget_internal.h(69): warning C4255: 'AllocWidget': no function prototype given: converting '()' to '(void)'
  KW_renderdriver.c
  KW_renderdriver_sdl2.c
c:\users\ndt59\onedrive - university of suffolk\uos\units\networking\code\sdlgamenetworking\libraries\sdl2-2.0.9\include\begin_code.h(37): warning C4668: '__GNUC__' is not defined as a preprocessor macro, replacing with '0' for '#if/#elif'
c:\users\ndt59\onedrive - university of suffolk\uos\units\networking\code\sdlgamenetworking\libraries\sdl2-2.0.9\include\SDL_assert.h(68): warning C4668: '__GNUC__' is not defined as a preprocessor macro, replacing with '0' for '#if/#elif'
C:\Program Files (x86)\Microsoft Visual Studio\2017\Community\VC\Tools\MSVC\14.16.27023\include\smmintrin.h(82): warning C4668: '__cplusplus' is not defined as a preprocessor macro, replacing with '0' for '#if/#elif'
C:\Program Files (x86)\Microsoft Visual Studio\2017\Community\VC\Tools\MSVC\14.16.27023\include\nmmintrin.h(35): warning C4668: '__cplusplus' is not defined as a preprocessor macro, replacing with '0' for '#if/#elif'
C:\Program Files (x86)\Microsoft Visual Studio\2017\Community\VC\Tools\MSVC\14.16.27023\include\wmmintrin.h(34): warning C4668: '__cplusplus' is not defined as a preprocessor macro, replacing with '0' for '#if/#elif'
C:\Program Files (x86)\Microsoft Visual Studio\2017\Community\VC\Tools\MSVC\14.16.27023\include\ammintrin.h(251): warning C4255: '__slwpcb': no function prototype given: converting '()' to '(void)'
c:\users\ndt59\onedrive - university of suffolk\uos\units\networking\code\sdlgamenetworking\libraries\sdl2-2.0.9\include\SDL_keyboard.h(52): warning C4820: 'SDL_Keysym': '2' bytes padding added after data member 'mod'
c:\users\ndt59\onedrive - university of suffolk\uos\units\networking\code\sdlgamenetworking\libraries\sdl2-2.0.9\include\SDL_haptic.h(453): warning C4820: 'SDL_HapticDirection': '3' bytes padding added after data member 'type'
c:\users\ndt59\onedrive - university of suffolk\uos\units\networking\code\sdlgamenetworking\libraries\sdl2-2.0.9\include\SDL_haptic.h(472): warning C4820: 'SDL_HapticConstant': '2' bytes padding added after data member 'type'
c:\users\ndt59\onedrive - university of suffolk\uos\units\networking\code\sdlgamenetworking\libraries\sdl2-2.0.9\include\SDL_haptic.h(555): warning C4820: 'SDL_HapticPeriodic': '2' bytes padding added after data member 'type'
c:\users\ndt59\onedrive - university of suffolk\uos\units\networking\code\sdlgamenetworking\libraries\sdl2-2.0.9\include\SDL_haptic.h(576): warning C4820: 'SDL_HapticPeriodic': '2' bytes padding added after data member 'fade_level'
c:\users\ndt59\onedrive - university of suffolk\uos\units\networking\code\sdlgamenetworking\libraries\sdl2-2.0.9\include\SDL_haptic.h(607): warning C4820: 'SDL_HapticCondition': '2' bytes padding added after data member 'type'
c:\users\ndt59\onedrive - university of suffolk\uos\units\networking\code\sdlgamenetworking\libraries\sdl2-2.0.9\include\SDL_haptic.h(624): warning C4820: 'SDL_HapticCondition': '2' bytes padding added after data member 'center'
c:\users\ndt59\onedrive - university of suffolk\uos\units\networking\code\sdlgamenetworking\libraries\sdl2-2.0.9\include\SDL_haptic.h(643): warning C4820: 'SDL_HapticRamp': '2' bytes padding added after data member 'type'
c:\users\ndt59\onedrive - university of suffolk\uos\units\networking\code\sdlgamenetworking\libraries\sdl2-2.0.9\include\SDL_haptic.h(662): warning C4820: 'SDL_HapticRamp': '2' bytes padding added after data member 'fade_level'
c:\users\ndt59\onedrive - university of suffolk\uos\units\networking\code\sdlgamenetworking\libraries\sdl2-2.0.9\include\SDL_haptic.h(682): warning C4820: 'SDL_HapticLeftRight': '2' bytes padding added after data member 'type'
c:\users\ndt59\onedrive - university of suffolk\uos\units\networking\code\sdlgamenetworking\libraries\sdl2-2.0.9\include\SDL_haptic.h(708): warning C4820: 'SDL_HapticCustom': '2' bytes padding added after data member 'type'
c:\users\ndt59\onedrive - university of suffolk\uos\units\networking\code\sdlgamenetworking\libraries\sdl2-2.0.9\include\SDL_haptic.h(720): warning C4820: 'SDL_HapticCustom': '1' bytes padding added after data member 'channels'
C:\Program Files (x86)\Windows Kits\10\Include\10.0.17134.0\ucrt\stdio.h(828): warning C4710: 'int fprintf(FILE *const ,const char *const ,...)': function not inlined
  C:\Program Files (x86)\Windows Kits\10\Include\10.0.17134.0\ucrt\stdio.h(828): note: see declaration of 'fprintf'
  KW_rect.c
  KW_toggle.c
c:\users\ndt59\onedrive - university of suffolk\uos\units\networking\code\sdlgamenetworking\libraries\sdl2-2.0.9\include\begin_code.h(37): warning C4668: '__GNUC__' is not defined as a preprocessor macro, replacing with '0' for '#if/#elif'
c:\users\ndt59\onedrive - university of suffolk\uos\units\networking\code\sdlgamenetworking\libraries\sdl2-2.0.9\include\SDL_assert.h(68): warning C4668: '__GNUC__' is not defined as a preprocessor macro, replacing with '0' for '#if/#elif'
C:\Program Files (x86)\Microsoft Visual Studio\2017\Community\VC\Tools\MSVC\14.16.27023\include\smmintrin.h(82): warning C4668: '__cplusplus' is not defined as a preprocessor macro, replacing with '0' for '#if/#elif'
C:\Program Files (x86)\Microsoft Visual Studio\2017\Community\VC\Tools\MSVC\14.16.27023\include\nmmintrin.h(35): warning C4668: '__cplusplus' is not defined as a preprocessor macro, replacing with '0' for '#if/#elif'
C:\Program Files (x86)\Microsoft Visual Studio\2017\Community\VC\Tools\MSVC\14.16.27023\include\wmmintrin.h(34): warning C4668: '__cplusplus' is not defined as a preprocessor macro, replacing with '0' for '#if/#elif'
C:\Program Files (x86)\Microsoft Visual Studio\2017\Community\VC\Tools\MSVC\14.16.27023\include\ammintrin.h(251): warning C4255: '__slwpcb': no function prototype given: converting '()' to '(void)'
c:\users\ndt59\onedrive - university of suffolk\uos\units\networking\code\sdlgamenetworking\libraries\sdl2-2.0.9\include\SDL_keyboard.h(52): warning C4820: 'SDL_Keysym': '2' bytes padding added after data member 'mod'
c:\users\ndt59\onedrive - university of suffolk\uos\units\networking\code\sdlgamenetworking\libraries\sdl2-2.0.9\include\SDL_haptic.h(453): warning C4820: 'SDL_HapticDirection': '3' bytes padding added after data member 'type'
c:\users\ndt59\onedrive - university of suffolk\uos\units\networking\code\sdlgamenetworking\libraries\sdl2-2.0.9\include\SDL_haptic.h(472): warning C4820: 'SDL_HapticConstant': '2' bytes padding added after data member 'type'
c:\users\ndt59\onedrive - university of suffolk\uos\units\networking\code\sdlgamenetworking\libraries\sdl2-2.0.9\include\SDL_haptic.h(555): warning C4820: 'SDL_HapticPeriodic': '2' bytes padding added after data member 'type'
c:\users\ndt59\onedrive - university of suffolk\uos\units\networking\code\sdlgamenetworking\libraries\sdl2-2.0.9\include\SDL_haptic.h(576): warning C4820: 'SDL_HapticPeriodic': '2' bytes padding added after data member 'fade_level'
c:\users\ndt59\onedrive - university of suffolk\uos\units\networking\code\sdlgamenetworking\libraries\sdl2-2.0.9\include\SDL_haptic.h(607): warning C4820: 'SDL_HapticCondition': '2' bytes padding added after data member 'type'
c:\users\ndt59\onedrive - university of suffolk\uos\units\networking\code\sdlgamenetworking\libraries\sdl2-2.0.9\include\SDL_haptic.h(624): warning C4820: 'SDL_HapticCondition': '2' bytes padding added after data member 'center'
c:\users\ndt59\onedrive - university of suffolk\uos\units\networking\code\sdlgamenetworking\libraries\sdl2-2.0.9\include\SDL_haptic.h(643): warning C4820: 'SDL_HapticRamp': '2' bytes padding added after data member 'type'
c:\users\ndt59\onedrive - university of suffolk\uos\units\networking\code\sdlgamenetworking\libraries\sdl2-2.0.9\include\SDL_haptic.h(662): warning C4820: 'SDL_HapticRamp': '2' bytes padding added after data member 'fade_level'
c:\users\ndt59\onedrive - university of suffolk\uos\units\networking\code\sdlgamenetworking\libraries\sdl2-2.0.9\include\SDL_haptic.h(682): warning C4820: 'SDL_HapticLeftRight': '2' bytes padding added after data member 'type'
c:\users\ndt59\onedrive - university of suffolk\uos\units\networking\code\sdlgamenetworking\libraries\sdl2-2.0.9\include\SDL_haptic.h(708): warning C4820: 'SDL_HapticCustom': '2' bytes padding added after data member 'type'
c:\users\ndt59\onedrive - university of suffolk\uos\units\networking\code\sdlgamenetworking\libraries\sdl2-2.0.9\include\SDL_haptic.h(720): warning C4820: 'SDL_HapticCustom': '1' bytes padding added after data member 'channels'
C:\Users\ndt59\OneDrive - University of Suffolk\UOS\Units\Networking\Code\SDLGameNetworking\Kiwi\KiWi-master\KiWi-master\src\KW_toggle.c(14): warning C4255: 'AllocToggle': no function prototype given: converting '()' to '(void)'
C:\Users\ndt59\OneDrive - University of Suffolk\UOS\Units\Networking\Code\SDLGameNetworking\Kiwi\KiWi-master\KiWi-master\src\KW_toggle.c(35): warning C4255: 'AllocToggle': no function prototype given: converting '()' to '(void)'
  KW_checkbox.c
c:\users\ndt59\onedrive - university of suffolk\uos\units\networking\code\sdlgamenetworking\libraries\sdl2-2.0.9\include\begin_code.h(37): warning C4668: '__GNUC__' is not defined as a preprocessor macro, replacing with '0' for '#if/#elif'
c:\users\ndt59\onedrive - university of suffolk\uos\units\networking\code\sdlgamenetworking\libraries\sdl2-2.0.9\include\SDL_assert.h(68): warning C4668: '__GNUC__' is not defined as a preprocessor macro, replacing with '0' for '#if/#elif'
C:\Program Files (x86)\Microsoft Visual Studio\2017\Community\VC\Tools\MSVC\14.16.27023\include\smmintrin.h(82): warning C4668: '__cplusplus' is not defined as a preprocessor macro, replacing with '0' for '#if/#elif'
C:\Program Files (x86)\Microsoft Visual Studio\2017\Community\VC\Tools\MSVC\14.16.27023\include\nmmintrin.h(35): warning C4668: '__cplusplus' is not defined as a preprocessor macro, replacing with '0' for '#if/#elif'
C:\Program Files (x86)\Microsoft Visual Studio\2017\Community\VC\Tools\MSVC\14.16.27023\include\wmmintrin.h(34): warning C4668: '__cplusplus' is not defined as a preprocessor macro, replacing with '0' for '#if/#elif'
C:\Program Files (x86)\Microsoft Visual Studio\2017\Community\VC\Tools\MSVC\14.16.27023\include\ammintrin.h(251): warning C4255: '__slwpcb': no function prototype given: converting '()' to '(void)'
c:\users\ndt59\onedrive - university of suffolk\uos\units\networking\code\sdlgamenetworking\libraries\sdl2-2.0.9\include\SDL_keyboard.h(52): warning C4820: 'SDL_Keysym': '2' bytes padding added after data member 'mod'
c:\users\ndt59\onedrive - university of suffolk\uos\units\networking\code\sdlgamenetworking\libraries\sdl2-2.0.9\include\SDL_haptic.h(453): warning C4820: 'SDL_HapticDirection': '3' bytes padding added after data member 'type'
c:\users\ndt59\onedrive - university of suffolk\uos\units\networking\code\sdlgamenetworking\libraries\sdl2-2.0.9\include\SDL_haptic.h(472): warning C4820: 'SDL_HapticConstant': '2' bytes padding added after data member 'type'
c:\users\ndt59\onedrive - university of suffolk\uos\units\networking\code\sdlgamenetworking\libraries\sdl2-2.0.9\include\SDL_haptic.h(555): warning C4820: 'SDL_HapticPeriodic': '2' bytes padding added after data member 'type'
c:\users\ndt59\onedrive - university of suffolk\uos\units\networking\code\sdlgamenetworking\libraries\sdl2-2.0.9\include\SDL_haptic.h(576): warning C4820: 'SDL_HapticPeriodic': '2' bytes padding added after data member 'fade_level'
c:\users\ndt59\onedrive - university of suffolk\uos\units\networking\code\sdlgamenetworking\libraries\sdl2-2.0.9\include\SDL_haptic.h(607): warning C4820: 'SDL_HapticCondition': '2' bytes padding added after data member 'type'
c:\users\ndt59\onedrive - university of suffolk\uos\units\networking\code\sdlgamenetworking\libraries\sdl2-2.0.9\include\SDL_haptic.h(624): warning C4820: 'SDL_HapticCondition': '2' bytes padding added after data member 'center'
c:\users\ndt59\onedrive - university of suffolk\uos\units\networking\code\sdlgamenetworking\libraries\sdl2-2.0.9\include\SDL_haptic.h(643): warning C4820: 'SDL_HapticRamp': '2' bytes padding added after data member 'type'
c:\users\ndt59\onedrive - university of suffolk\uos\units\networking\code\sdlgamenetworking\libraries\sdl2-2.0.9\include\SDL_haptic.h(662): warning C4820: 'SDL_HapticRamp': '2' bytes padding added after data member 'fade_level'
c:\users\ndt59\onedrive - university of suffolk\uos\units\networking\code\sdlgamenetworking\libraries\sdl2-2.0.9\include\SDL_haptic.h(682): warning C4820: 'SDL_HapticLeftRight': '2' bytes padding added after data member 'type'
c:\users\ndt59\onedrive - university of suffolk\uos\units\networking\code\sdlgamenetworking\libraries\sdl2-2.0.9\include\SDL_haptic.h(708): warning C4820: 'SDL_HapticCustom': '2' bytes padding added after data member 'type'
c:\users\ndt59\onedrive - university of suffolk\uos\units\networking\code\sdlgamenetworking\libraries\sdl2-2.0.9\include\SDL_haptic.h(720): warning C4820: 'SDL_HapticCustom': '1' bytes padding added after data member 'channels'
  Generating Code...
c:\users\ndt59\onedrive - university of suffolk\uos\units\networking\code\sdlgamenetworking\kiwi\kiwi-master\kiwi-master\src\kw_rect.c(27): warning C5045: Compiler will insert Spectre mitigation for memory load if /Qspectre switch specified
  c:\users\ndt59\onedrive - university of suffolk\uos\units\networking\code\sdlgamenetworking\kiwi\kiwi-master\kiwi-master\src\kw_rect.c(23) : note: index 'i' range checked by comparison on this line
  c:\users\ndt59\onedrive - university of suffolk\uos\units\networking\code\sdlgamenetworking\kiwi\kiwi-master\kiwi-master\src\kw_rect.c(27) : note: feeds memory load on this line
c:\users\ndt59\onedrive - university of suffolk\uos\units\networking\code\sdlgamenetworking\kiwi\kiwi-master\kiwi-master\src\kw_rect.c(69): warning C5045: Compiler will insert Spectre mitigation for memory load if /Qspectre switch specified
  c:\users\ndt59\onedrive - university of suffolk\uos\units\networking\code\sdlgamenetworking\kiwi\kiwi-master\kiwi-master\src\kw_rect.c(68) : note: index 'i' range checked by comparison on this line
  c:\users\ndt59\onedrive - university of suffolk\uos\units\networking\code\sdlgamenetworking\kiwi\kiwi-master\kiwi-master\src\kw_rect.c(78) : note: feeds memory load on this line
c:\users\ndt59\onedrive - university of suffolk\uos\units\networking\code\sdlgamenetworking\kiwi\kiwi-master\kiwi-master\src\kw_rect.c(98): warning C5045: Compiler will insert Spectre mitigation for memory load if /Qspectre switch specified
  c:\users\ndt59\onedrive - university of suffolk\uos\units\networking\code\sdlgamenetworking\kiwi\kiwi-master\kiwi-master\src\kw_rect.c(96) : note: index 'i' range checked by comparison on this line
  c:\users\ndt59\onedrive - university of suffolk\uos\units\networking\code\sdlgamenetworking\kiwi\kiwi-master\kiwi-master\src\kw_rect.c(101) : note: feeds memory load on this line
c:\users\ndt59\onedrive - university of suffolk\uos\units\networking\code\sdlgamenetworking\kiwi\kiwi-master\kiwi-master\src\kw_rect.c(40): warning C5045: Compiler will insert Spectre mitigation for memory load if /Qspectre switch specified
  c:\users\ndt59\onedrive - university of suffolk\uos\units\networking\code\sdlgamenetworking\kiwi\kiwi-master\kiwi-master\src\kw_rect.c(39) : note: index 'i' range checked by comparison on this line
  c:\users\ndt59\onedrive - university of suffolk\uos\units\networking\code\sdlgamenetworking\kiwi\kiwi-master\kiwi-master\src\kw_rect.c(49) : note: feeds memory load on this line
c:\users\ndt59\onedrive - university of suffolk\uos\units\networking\code\sdlgamenetworking\kiwi\kiwi-master\kiwi-master\src\kw_rect.c(115): warning C5045: Compiler will insert Spectre mitigation for memory load if /Qspectre switch specified
  c:\users\ndt59\onedrive - university of suffolk\uos\units\networking\code\sdlgamenetworking\kiwi\kiwi-master\kiwi-master\src\kw_rect.c(113) : note: index 'i' range checked by comparison on this line
  c:\users\ndt59\onedrive - university of suffolk\uos\units\networking\code\sdlgamenetworking\kiwi\kiwi-master\kiwi-master\src\kw_rect.c(124) : note: feeds call on this line
c:\users\ndt59\onedrive - university of suffolk\uos\units\networking\code\sdlgamenetworking\kiwi\kiwi-master\kiwi-master\src\kw_widget.c(51): warning C5045: Compiler will insert Spectre mitigation for memory load if /Qspectre switch specified
  c:\users\ndt59\onedrive - university of suffolk\uos\units\networking\code\sdlgamenetworking\kiwi\kiwi-master\kiwi-master\src\kw_widget.c(50) : note: index 'i' range checked by comparison on this line
  c:\users\ndt59\onedrive - university of suffolk\uos\units\networking\code\sdlgamenetworking\kiwi\kiwi-master\kiwi-master\src\kw_widget.c(52) : note: feeds call on this line
c:\users\ndt59\onedrive - university of suffolk\uos\units\networking\code\sdlgamenetworking\kiwi\kiwi-master\kiwi-master\src\kw_widget.c(123): warning C5045: Compiler will insert Spectre mitigation for memory load if /Qspectre switch specified
  c:\users\ndt59\onedrive - university of suffolk\uos\units\networking\code\sdlgamenetworking\kiwi\kiwi-master\kiwi-master\src\kw_widget.c(122) : note: index 'i' range checked by comparison on this line
  c:\users\ndt59\onedrive - university of suffolk\uos\units\networking\code\sdlgamenetworking\kiwi\kiwi-master\kiwi-master\src\kw_widget.c(123) : note: feeds call on this line
c:\users\ndt59\onedrive - university of suffolk\uos\units\networking\code\sdlgamenetworking\kiwi\kiwi-master\kiwi-master\src\kw_widget.c(132): warning C5045: Compiler will insert Spectre mitigation for memory load if /Qspectre switch specified
  c:\users\ndt59\onedrive - university of suffolk\uos\units\networking\code\sdlgamenetworking\kiwi\kiwi-master\kiwi-master\src\kw_widget.c(131) : note: index 'i' range checked by comparison on this line
  c:\users\ndt59\onedrive - university of suffolk\uos\units\networking\code\sdlgamenetworking\kiwi\kiwi-master\kiwi-master\src\kw_widget.c(132) : note: feeds call on this line
c:\users\ndt59\onedrive - university of suffolk\uos\units\networking\code\sdlgamenetworking\kiwi\kiwi-master\kiwi-master\src\kw_widget.c(182): warning C5045: Compiler will insert Spectre mitigation for memory load if /Qspectre switch specified
  c:\users\ndt59\onedrive - university of suffolk\uos\units\networking\code\sdlgamenetworking\kiwi\kiwi-master\kiwi-master\src\kw_widget.c(181) : note: index 'i' range checked by comparison on this line
  c:\users\ndt59\onedrive - university of suffolk\uos\units\networking\code\sdlgamenetworking\kiwi\kiwi-master\kiwi-master\src\kw_widget.c(182) : note: feeds call on this line
c:\users\ndt59\onedrive - university of suffolk\uos\units\networking\code\sdlgamenetworking\kiwi\kiwi-master\kiwi-master\src\kw_widget.c(205): warning C5045: Compiler will insert Spectre mitigation for memory load if /Qspectre switch specified
  c:\users\ndt59\onedrive - university of suffolk\uos\units\networking\code\sdlgamenetworking\kiwi\kiwi-master\kiwi-master\src\kw_widget.c(204) : note: index 'i' range checked by comparison on this line
  c:\users\ndt59\onedrive - university of suffolk\uos\units\networking\code\sdlgamenetworking\kiwi\kiwi-master\kiwi-master\src\kw_widget.c(206) : note: feeds call on this line
c:\users\ndt59\onedrive - university of suffolk\uos\units\networking\code\sdlgamenetworking\kiwi\kiwi-master\kiwi-master\src\kw_widget.c(352): warning C5045: Compiler will insert Spectre mitigation for memory load if /Qspectre switch specified
  c:\users\ndt59\onedrive - university of suffolk\uos\units\networking\code\sdlgamenetworking\kiwi\kiwi-master\kiwi-master\src\kw_widget.c(351) : note: index 'i' range checked by comparison on this line
  c:\users\ndt59\onedrive - university of suffolk\uos\units\networking\code\sdlgamenetworking\kiwi\kiwi-master\kiwi-master\src\kw_widget.c(354) : note: feeds call on this line
c:\users\ndt59\onedrive - university of suffolk\uos\units\networking\code\sdlgamenetworking\kiwi\kiwi-master\kiwi-master\src\kw_widget.c(331): warning C5045: Compiler will insert Spectre mitigation for memory load if /Qspectre switch specified
  c:\users\ndt59\onedrive - university of suffolk\uos\units\networking\code\sdlgamenetworking\kiwi\kiwi-master\kiwi-master\src\kw_widget.c(330) : note: index 'i' range checked by comparison on this line
  c:\users\ndt59\onedrive - university of suffolk\uos\units\networking\code\sdlgamenetworking\kiwi\kiwi-master\kiwi-master\src\kw_widget.c(333) : note: feeds call on this line
c:\users\ndt59\onedrive - university of suffolk\uos\units\networking\code\sdlgamenetworking\kiwi\kiwi-master\kiwi-master\src\kw_widget.c(407): warning C5045: Compiler will insert Spectre mitigation for memory load if /Qspectre switch specified
  c:\users\ndt59\onedrive - university of suffolk\uos\units\networking\code\sdlgamenetworking\kiwi\kiwi-master\kiwi-master\src\kw_widget.c(406) : note: index 'i' range checked by comparison on this line
  c:\users\ndt59\onedrive - university of suffolk\uos\units\networking\code\sdlgamenetworking\kiwi\kiwi-master\kiwi-master\src\kw_widget.c(408) : note: feeds call on this line
c:\users\ndt59\onedrive - university of suffolk\uos\units\networking\code\sdlgamenetworking\kiwi\kiwi-master\kiwi-master\src\kw_widget.c(434): warning C5045: Compiler will insert Spectre mitigation for memory load if /Qspectre switch specified
  c:\users\ndt59\onedrive - university of suffolk\uos\units\networking\code\sdlgamenetworking\kiwi\kiwi-master\kiwi-master\src\kw_widget.c(433) : note: index 'i' range checked by comparison on this line
  c:\users\ndt59\onedrive - university of suffolk\uos\units\networking\code\sdlgamenetworking\kiwi\kiwi-master\kiwi-master\src\kw_widget.c(434) : note: feeds call on this line
c:\users\ndt59\onedrive - university of suffolk\uos\units\networking\code\sdlgamenetworking\kiwi\kiwi-master\kiwi-master\src\kw_widget.c(531): warning C5045: Compiler will insert Spectre mitigation for memory load if /Qspectre switch specified
  c:\users\ndt59\onedrive - university of suffolk\uos\units\networking\code\sdlgamenetworking\kiwi\kiwi-master\kiwi-master\src\kw_widget.c(530) : note: index 'i' range checked by comparison on this line
  c:\users\ndt59\onedrive - university of suffolk\uos\units\networking\code\sdlgamenetworking\kiwi\kiwi-master\kiwi-master\src\kw_widget.c(532) : note: feeds call on this line
c:\users\ndt59\onedrive - university of suffolk\uos\units\networking\code\sdlgamenetworking\kiwi\kiwi-master\kiwi-master\src\kw_gui.c(38): warning C5045: Compiler will insert Spectre mitigation for memory load if /Qspectre switch specified
  c:\users\ndt59\onedrive - university of suffolk\uos\units\networking\code\sdlgamenetworking\kiwi\kiwi-master\kiwi-master\src\kw_gui.c(36) : note: index 'i' range checked by comparison on this line
  c:\users\ndt59\onedrive - university of suffolk\uos\units\networking\code\sdlgamenetworking\kiwi\kiwi-master\kiwi-master\src\kw_gui.c(39) : note: feeds call on this line
c:\users\ndt59\onedrive - university of suffolk\uos\units\networking\code\sdlgamenetworking\kiwi\kiwi-master\kiwi-master\src\kw_gui.c(89): warning C5045: Compiler will insert Spectre mitigation for memory load if /Qspectre switch specified
  c:\users\ndt59\onedrive - university of suffolk\uos\units\networking\code\sdlgamenetworking\kiwi\kiwi-master\kiwi-master\src\kw_gui.c(88) : note: index 'i' range checked by comparison on this line
  c:\users\ndt59\onedrive - university of suffolk\uos\units\networking\code\sdlgamenetworking\kiwi\kiwi-master\kiwi-master\src\kw_gui.c(90) : note: feeds call on this line
c:\users\ndt59\onedrive - university of suffolk\uos\units\networking\code\sdlgamenetworking\kiwi\kiwi-master\kiwi-master\src\kw_gui.c(78): warning C5045: Compiler will insert Spectre mitigation for memory load if /Qspectre switch specified
  c:\users\ndt59\onedrive - university of suffolk\uos\units\networking\code\sdlgamenetworking\kiwi\kiwi-master\kiwi-master\src\kw_gui.c(77) : note: index 'i' range checked by comparison on this line
  c:\users\ndt59\onedrive - university of suffolk\uos\units\networking\code\sdlgamenetworking\kiwi\kiwi-master\kiwi-master\src\kw_gui.c(79) : note: feeds call on this line
c:\users\ndt59\onedrive - university of suffolk\uos\units\networking\code\sdlgamenetworking\kiwi\kiwi-master\kiwi-master\src\kw_eventwatcher.c(31): warning C5045: Compiler will insert Spectre mitigation for memory load if /Qspectre switch specified
  c:\users\ndt59\onedrive - university of suffolk\uos\units\networking\code\sdlgamenetworking\kiwi\kiwi-master\kiwi-master\src\kw_eventwatcher.c(30) : note: index 'i' range checked by comparison on this line
  c:\users\ndt59\onedrive - university of suffolk\uos\units\networking\code\sdlgamenetworking\kiwi\kiwi-master\kiwi-master\src\kw_eventwatcher.c(31) : note: feeds call on this line
  Compiling...
  resources.c
  Generating Code...
     Creating library C:/Users/ndt59/OneDrive - University of Suffolk/UOS/Units/Networking/Code/SDLGameNetworking/Kiwi/Build/src/Debug/KiWi.lib and object C:/Users/ndt59/OneDrive - University of Suffolk/UOS/Units/Networking/Code/SDLGameNetworking/Kiwi/Build/src/Debug/KiWi.exp
  KiWi.vcxproj -> C:\Users\ndt59\OneDrive - University of Suffolk\UOS\Units\Networking\Code\SDLGameNetworking\Kiwi\Build\src\Debug\KiWi.dll
